This file contains any messages produced by compilers while
running configure, to aid debugging if configure makes a mistake.

It was created by dnsflow-tools configure 0.1, which was
generated by GNU Autoconf 2.59.  Invocation command line was

  $ ./configure 

## --------- ##
## Platform. ##
## --------- ##

hostname = shannon.merit.edu
uname -m = x86_64
uname -r = 2.6.18-194.32.1.el5
uname -s = Linux
uname -v = #1 SMP Wed Jan 5 17:52:25 EST 2011

/usr/bin/uname -p = unknown
/bin/uname -X     = unknown

/bin/arch              = x86_64
/usr/bin/arch -k       = unknown
/usr/convex/getsysinfo = unknown
hostinfo               = unknown
/bin/machine           = unknown
/usr/bin/oslevel       = unknown
/bin/universe          = unknown

PATH: /usr/kerberos/bin
PATH: /usr/local/flow-tools/bin
PATH: /usr/local/bin
PATH: /bin
PATH: /usr/bin
PATH: /home/kcreyts/bin


## ----------- ##
## Core tests. ##
## ----------- ##

configure:1369: checking for a BSD-compatible install
configure:1424: result: /usr/bin/install -c
configure:1435: checking whether build environment is sane
configure:1478: result: yes
configure:1543: checking for gawk
configure:1559: found /bin/gawk
configure:1569: result: gawk
configure:1579: checking whether make sets $(MAKE)
configure:1599: result: yes
configure:1816: checking for gcc
configure:1832: found /usr/bin/gcc
configure:1842: result: gcc
configure:2086: checking for C compiler version
configure:2089: gcc --version </dev/null >&5
gcc (GCC) 4.1.2 20080704 (Red Hat 4.1.2-51)
Copyright (C) 2006 Free Software Foundation, Inc.
This is free software; see the source for copying conditions.  There is NO
warranty; not even for MERCHANTABILITY or FITNESS FOR A PARTICULAR PURPOSE.

configure:2092: $? = 0
configure:2094: gcc -v </dev/null >&5
Using built-in specs.
Target: x86_64-redhat-linux
Configured with: ../configure --prefix=/usr --mandir=/usr/share/man --infodir=/usr/share/info --enable-shared --enable-threads=posix --enable-checking=release --with-system-zlib --enable-__cxa_atexit --disable-libunwind-exceptions --enable-libgcj-multifile --enable-languages=c,c++,objc,obj-c++,java,fortran,ada --enable-java-awt=gtk --disable-dssi --disable-plugin --with-java-home=/usr/lib/jvm/java-1.4.2-gcj-1.4.2.0/jre --with-cpu=generic --host=x86_64-redhat-linux
Thread model: posix
gcc version 4.1.2 20080704 (Red Hat 4.1.2-51)
configure:2097: $? = 0
configure:2099: gcc -V </dev/null >&5
gcc: '-V' option must have argument
configure:2102: $? = 1
configure:2125: checking for C compiler default output file name
configure:2128: gcc    conftest.c  >&5
configure:2131: $? = 0
configure:2177: result: a.out
configure:2182: checking whether the C compiler works
configure:2188: ./a.out
configure:2191: $? = 0
configure:2208: result: yes
configure:2215: checking whether we are cross compiling
configure:2217: result: no
configure:2220: checking for suffix of executables
configure:2222: gcc -o conftest    conftest.c  >&5
configure:2225: $? = 0
configure:2250: result: 
configure:2256: checking for suffix of object files
configure:2277: gcc -c   conftest.c >&5
configure:2280: $? = 0
configure:2302: result: o
configure:2306: checking whether we are using the GNU C compiler
configure:2330: gcc -c   conftest.c >&5
configure:2336: $? = 0
configure:2340: test -z 
			 || test ! -s conftest.err
configure:2343: $? = 0
configure:2346: test -s conftest.o
configure:2349: $? = 0
configure:2362: result: yes
configure:2368: checking whether gcc accepts -g
configure:2389: gcc -c -g  conftest.c >&5
configure:2395: $? = 0
configure:2399: test -z 
			 || test ! -s conftest.err
configure:2402: $? = 0
configure:2405: test -s conftest.o
configure:2408: $? = 0
configure:2419: result: yes
configure:2436: checking for gcc option to accept ANSI C
configure:2506: gcc  -c -g -O2  conftest.c >&5
configure:2512: $? = 0
configure:2516: test -z 
			 || test ! -s conftest.err
configure:2519: $? = 0
configure:2522: test -s conftest.o
configure:2525: $? = 0
configure:2543: result: none needed
configure:2561: gcc -c -g -O2  conftest.c >&5
conftest.c:2: error: expected '=', ',', ';', 'asm' or '__attribute__' before 'me'
configure:2567: $? = 1
configure: failed program was:
| #ifndef __cplusplus
|   choke me
| #endif
configure:2711: checking for style of include used by make
configure:2739: result: GNU
configure:2767: checking dependency style of gcc
configure:2857: result: gcc3
configure:2880: checking how to run the C preprocessor
configure:2915: gcc -E  conftest.c
configure:2921: $? = 0
configure:2953: gcc -E  conftest.c
conftest.c:11:28: error: ac_nonexistent.h: No such file or directory
configure:2959: $? = 1
configure: failed program was:
| /* confdefs.h.  */
| 
| #define PACKAGE_NAME "dnsflow-tools"
| #define PACKAGE_TARNAME "dnsflow-tools"
| #define PACKAGE_VERSION "0.1"
| #define PACKAGE_STRING "dnsflow-tools 0.1"
| #define PACKAGE_BUGREPORT "mkarir@merit.edu jkrez@merit.edu"
| #define PACKAGE "dnsflow-tools"
| #define VERSION "0.1"
| /* end confdefs.h.  */
| #include <ac_nonexistent.h>
configure:2998: result: gcc -E
configure:3022: gcc -E  conftest.c
configure:3028: $? = 0
configure:3060: gcc -E  conftest.c
conftest.c:11:28: error: ac_nonexistent.h: No such file or directory
configure:3066: $? = 1
configure: failed program was:
| /* confdefs.h.  */
| 
| #define PACKAGE_NAME "dnsflow-tools"
| #define PACKAGE_TARNAME "dnsflow-tools"
| #define PACKAGE_VERSION "0.1"
| #define PACKAGE_STRING "dnsflow-tools 0.1"
| #define PACKAGE_BUGREPORT "mkarir@merit.edu jkrez@merit.edu"
| #define PACKAGE "dnsflow-tools"
| #define VERSION "0.1"
| /* end confdefs.h.  */
| #include <ac_nonexistent.h>
configure:3110: checking for egrep
configure:3120: result: grep -E
configure:3125: checking for ANSI C header files
configure:3150: gcc -c -g -O2  conftest.c >&5
configure:3156: $? = 0
configure:3160: test -z 
			 || test ! -s conftest.err
configure:3163: $? = 0
configure:3166: test -s conftest.o
configure:3169: $? = 0
configure:3258: gcc -o conftest -g -O2   conftest.c  >&5
conftest.c: In function 'main':
conftest.c:28: warning: incompatible implicit declaration of built-in function 'exit'
configure:3261: $? = 0
configure:3263: ./conftest
configure:3266: $? = 0
configure:3281: result: yes
configure:3304: checking for a BSD-compatible install
configure:3359: result: /usr/bin/install -c
configure:3372: checking for an ANSI C-conforming const
configure:3439: gcc -c -g -O2  conftest.c >&5
configure:3445: $? = 0
configure:3449: test -z 
			 || test ! -s conftest.err
configure:3452: $? = 0
configure:3455: test -s conftest.o
configure:3458: $? = 0
configure:3469: result: yes
configure:3493: checking for sys/types.h
configure:3509: gcc -c -g -O2  conftest.c >&5
configure:3515: $? = 0
configure:3519: test -z 
			 || test ! -s conftest.err
configure:3522: $? = 0
configure:3525: test -s conftest.o
configure:3528: $? = 0
configure:3539: result: yes
configure:3493: checking for sys/stat.h
configure:3509: gcc -c -g -O2  conftest.c >&5
configure:3515: $? = 0
configure:3519: test -z 
			 || test ! -s conftest.err
configure:3522: $? = 0
configure:3525: test -s conftest.o
configure:3528: $? = 0
configure:3539: result: yes
configure:3493: checking for stdlib.h
configure:3509: gcc -c -g -O2  conftest.c >&5
configure:3515: $? = 0
configure:3519: test -z 
			 || test ! -s conftest.err
configure:3522: $? = 0
configure:3525: test -s conftest.o
configure:3528: $? = 0
configure:3539: result: yes
configure:3493: checking for string.h
configure:3509: gcc -c -g -O2  conftest.c >&5
configure:3515: $? = 0
configure:3519: test -z 
			 || test ! -s conftest.err
configure:3522: $? = 0
configure:3525: test -s conftest.o
configure:3528: $? = 0
configure:3539: result: yes
configure:3493: checking for memory.h
configure:3509: gcc -c -g -O2  conftest.c >&5
configure:3515: $? = 0
configure:3519: test -z 
			 || test ! -s conftest.err
configure:3522: $? = 0
configure:3525: test -s conftest.o
configure:3528: $? = 0
configure:3539: result: yes
configure:3493: checking for strings.h
configure:3509: gcc -c -g -O2  conftest.c >&5
configure:3515: $? = 0
configure:3519: test -z 
			 || test ! -s conftest.err
configure:3522: $? = 0
configure:3525: test -s conftest.o
configure:3528: $? = 0
configure:3539: result: yes
configure:3493: checking for inttypes.h
configure:3509: gcc -c -g -O2  conftest.c >&5
configure:3515: $? = 0
configure:3519: test -z 
			 || test ! -s conftest.err
configure:3522: $? = 0
configure:3525: test -s conftest.o
configure:3528: $? = 0
configure:3539: result: yes
configure:3493: checking for stdint.h
configure:3509: gcc -c -g -O2  conftest.c >&5
configure:3515: $? = 0
configure:3519: test -z 
			 || test ! -s conftest.err
configure:3522: $? = 0
configure:3525: test -s conftest.o
configure:3528: $? = 0
configure:3539: result: yes
configure:3493: checking for unistd.h
configure:3509: gcc -c -g -O2  conftest.c >&5
configure:3515: $? = 0
configure:3519: test -z 
			 || test ! -s conftest.err
configure:3522: $? = 0
configure:3525: test -s conftest.o
configure:3528: $? = 0
configure:3539: result: yes
configure:3566: checking limits.h usability
configure:3578: gcc -c -g -O2  conftest.c >&5
configure:3584: $? = 0
configure:3588: test -z 
			 || test ! -s conftest.err
configure:3591: $? = 0
configure:3594: test -s conftest.o
configure:3597: $? = 0
configure:3607: result: yes
configure:3611: checking limits.h presence
configure:3621: gcc -E  conftest.c
configure:3627: $? = 0
configure:3647: result: yes
configure:3682: checking for limits.h
configure:3689: result: yes
configure:3557: checking for unistd.h
configure:3562: result: yes
configure:3752: checking for pkg-config
configure:3770: found /usr/bin/pkg-config
configure:3782: result: /usr/bin/pkg-config
configure:3797: checking pkg-config is at least version 0.9.0
configure:3800: result: yes
configure:3811: checking for GLIB
configure:3819: $PKG_CONFIG --exists --print-errors "glib-2.0 >= 2.6"
configure:3822: $? = 0
configure:3837: $PKG_CONFIG --exists --print-errors "glib-2.0 >= 2.6"
configure:3840: $? = 0
configure:3880: result: yes
configure:3882: result: found
configure:3889: checking for bpf_validate in -lpcap
configure:3919: gcc -o conftest -g -O2   conftest.c -lpcap   >&5
configure:3925: $? = 0
configure:3929: test -z 
			 || test ! -s conftest.err
configure:3932: $? = 0
configure:3935: test -s conftest
configure:3938: $? = 0
configure:3951: result: yes
configure:4073: creating ./config.status

## ---------------------- ##
## Running config.status. ##
## ---------------------- ##

This file was extended by dnsflow-tools config.status 0.1, which was
generated by GNU Autoconf 2.59.  Invocation command line was

  CONFIG_FILES    = 
  CONFIG_HEADERS  = 
  CONFIG_LINKS    = 
  CONFIG_COMMANDS = 
  $ ./config.status 

on shannon.merit.edu

config.status:695: creating Makefile
config.status:695: creating src/Makefile
config.status:799: creating config.h
config.status:1089: executing depfiles commands

## ---------------- ##
## Cache variables. ##
## ---------------- ##

ac_cv_c_compiler_gnu=yes
ac_cv_c_const=yes
ac_cv_env_CC_set=
ac_cv_env_CC_value=
ac_cv_env_CFLAGS_set=
ac_cv_env_CFLAGS_value=
ac_cv_env_CPPFLAGS_set=
ac_cv_env_CPPFLAGS_value=
ac_cv_env_CPP_set=
ac_cv_env_CPP_value=
ac_cv_env_GLIB_CFLAGS_set=
ac_cv_env_GLIB_CFLAGS_value=
ac_cv_env_GLIB_LIBS_set=
ac_cv_env_GLIB_LIBS_value=
ac_cv_env_LDFLAGS_set=
ac_cv_env_LDFLAGS_value=
ac_cv_env_PKG_CONFIG_set=
ac_cv_env_PKG_CONFIG_value=
ac_cv_env_build_alias_set=
ac_cv_env_build_alias_value=
ac_cv_env_host_alias_set=
ac_cv_env_host_alias_value=
ac_cv_env_target_alias_set=
ac_cv_env_target_alias_value=
ac_cv_exeext=
ac_cv_header_inttypes_h=yes
ac_cv_header_limits_h=yes
ac_cv_header_memory_h=yes
ac_cv_header_stdc=yes
ac_cv_header_stdint_h=yes
ac_cv_header_stdlib_h=yes
ac_cv_header_string_h=yes
ac_cv_header_strings_h=yes
ac_cv_header_sys_stat_h=yes
ac_cv_header_sys_types_h=yes
ac_cv_header_unistd_h=yes
ac_cv_lib_pcap_bpf_validate=yes
ac_cv_objext=o
ac_cv_path_ac_pt_PKG_CONFIG=/usr/bin/pkg-config
ac_cv_path_install='/usr/bin/install -c'
ac_cv_prog_AWK=gawk
ac_cv_prog_CPP='gcc -E'
ac_cv_prog_ac_ct_CC=gcc
ac_cv_prog_cc_g=yes
ac_cv_prog_cc_stdc=
ac_cv_prog_egrep='grep -E'
ac_cv_prog_make_make_set=yes
am_cv_CC_dependencies_compiler_type=gcc3
pkg_cv_GLIB_CFLAGS='-I/usr/include/glib-2.0 -I/usr/lib64/glib-2.0/include  '
pkg_cv_GLIB_LIBS='-L/lib64 -lglib-2.0  '

## ----------------- ##
## Output variables. ##
## ----------------- ##

ACLOCAL='${SHELL} /home/kcreyts/production/dnsflow-tools/missing --run aclocal-1.9'
AMDEPBACKSLASH='\'
AMDEP_FALSE='#'
AMDEP_TRUE=''
AMTAR='${SHELL} /home/kcreyts/production/dnsflow-tools/missing --run tar'
AUTOCONF='${SHELL} /home/kcreyts/production/dnsflow-tools/missing --run autoconf'
AUTOHEADER='${SHELL} /home/kcreyts/production/dnsflow-tools/missing --run autoheader'
AUTOMAKE='${SHELL} /home/kcreyts/production/dnsflow-tools/missing --run automake-1.9'
AWK='gawk'
CC='gcc'
CCDEPMODE='depmode=gcc3'
CFLAGS='-g -O2'
CPP='gcc -E'
CPPFLAGS=''
CYGPATH_W='echo'
DEFS='-DHAVE_CONFIG_H'
DEPDIR='.deps'
ECHO_C=''
ECHO_N='-n'
ECHO_T=''
EGREP='grep -E'
EXEEXT=''
GLIB_CFLAGS='-I/usr/include/glib-2.0 -I/usr/lib64/glib-2.0/include  '
GLIB_LIBS='-L/lib64 -lglib-2.0  '
INSTALL_DATA='${INSTALL} -m 644'
INSTALL_PROGRAM='${INSTALL}'
INSTALL_SCRIPT='${INSTALL}'
INSTALL_STRIP_PROGRAM='${SHELL} $(install_sh) -c -s'
LDFLAGS=''
LIBOBJS=''
LIBS=''
LTLIBOBJS=''
MAKEINFO='${SHELL} /home/kcreyts/production/dnsflow-tools/missing --run makeinfo'
OBJEXT='o'
PACKAGE='dnsflow-tools'
PACKAGE_BUGREPORT='mkarir@merit.edu jkrez@merit.edu'
PACKAGE_NAME='dnsflow-tools'
PACKAGE_STRING='dnsflow-tools 0.1'
PACKAGE_TARNAME='dnsflow-tools'
PACKAGE_VERSION='0.1'
PATH_SEPARATOR=':'
PCAP_LIBS='-lpcap'
PKG_CONFIG='/usr/bin/pkg-config'
SET_MAKE=''
SHELL='/bin/sh'
STRIP=''
VERSION='0.1'
ac_ct_CC='gcc'
ac_ct_STRIP=''
ac_pt_PKG_CONFIG='/usr/bin/pkg-config'
am__fastdepCC_FALSE='#'
am__fastdepCC_TRUE=''
am__include='include'
am__leading_dot='.'
am__quote=''
am__tar='${AMTAR} chof - "$$tardir"'
am__untar='${AMTAR} xf -'
bindir='${exec_prefix}/bin'
build_alias=''
datadir='${prefix}/share'
exec_prefix='${prefix}'
host_alias=''
includedir='${prefix}/include'
infodir='${prefix}/info'
install_sh='/home/kcreyts/production/dnsflow-tools/install-sh'
libdir='${exec_prefix}/lib'
libexecdir='${exec_prefix}/libexec'
localstatedir='${prefix}/var'
mandir='${prefix}/man'
mkdir_p='mkdir -p --'
oldincludedir='/usr/include'
prefix='/usr/local'
program_transform_name='s,x,x,'
sbindir='${exec_prefix}/sbin'
sharedstatedir='${prefix}/com'
sysconfdir='${prefix}/etc'
target_alias=''

## ----------- ##
## confdefs.h. ##
## ----------- ##

#define HAVE_INTTYPES_H 1
#define HAVE_LIMITS_H 1
#define HAVE_MEMORY_H 1
#define HAVE_STDINT_H 1
#define HAVE_STDLIB_H 1
#define HAVE_STRINGS_H 1
#define HAVE_STRING_H 1
#define HAVE_SYS_STAT_H 1
#define HAVE_SYS_TYPES_H 1
#define HAVE_UNISTD_H 1
#define HAVE_UNISTD_H 1
#define PACKAGE "dnsflow-tools"
#define PACKAGE_BUGREPORT "mkarir@merit.edu jkrez@merit.edu"
#define PACKAGE_NAME "dnsflow-tools"
#define PACKAGE_STRING "dnsflow-tools 0.1"
#define PACKAGE_TARNAME "dnsflow-tools"
#define PACKAGE_VERSION "0.1"
#define STDC_HEADERS 1
#define VERSION "0.1"

configure: exit 0
